<?xml version="1.0" encoding="UTF-8"?>
<!-- Generated by org.testng.reporters.JUnitXMLReporter -->
<testsuite ignored="0" hostname="Sanofie" failures="1" tests="8" name="Test" time="18.599" errors="0" timestamp="2022-09-29T23:44:10 IST">
  <testcase classname="com.simplilearn.testng.FirstDemo" name="Hello" time="0.015"/>
  <testcase classname="com.simplilearn.testng.FirstDemo" name="Hello1" time="0.003"/>
  <testcase classname="com.simplilearn.testng.AssertionExample" name="TitleTest" time="1.69"/>
  <testcase classname="com.simplilearn.testng.GroupTest" name="launchChrome" time="6.514"/>
  <testcase classname="com.simplilearn.testng.GroupTest" name="launchFireFox" time="0.024">
    <failure type="java.lang.IllegalStateException" message="The driver executable must exist: D:\Phase-5\geckodriver-v0.31.0-win64_new\geckodriver.exe">
      <![CDATA[java.lang.IllegalStateException: The driver executable must exist: D:\Phase-5\geckodriver-v0.31.0-win64_new\geckodriver.exe
at org.openqa.selenium.internal.Require$FileStateChecker.isFile(Require.java:342)
at org.openqa.selenium.remote.service.DriverService.checkExecutable(DriverService.java:147)
at org.openqa.selenium.remote.service.DriverService.findExecutable(DriverService.java:142)
at org.openqa.selenium.firefox.GeckoDriverService.access$100(GeckoDriverService.java:45)
at org.openqa.selenium.firefox.GeckoDriverService$Builder.findDefaultExecutable(GeckoDriverService.java:181)
at org.openqa.selenium.remote.service.DriverService$Builder.build(DriverService.java:437)
at org.openqa.selenium.firefox.GeckoDriverService.createDefaultService(GeckoDriverService.java:94)
at org.openqa.selenium.firefox.FirefoxDriver.<init>(FirefoxDriver.java:98)
at org.openqa.selenium.firefox.FirefoxDriver.<init>(FirefoxDriver.java:94)
at com.simplilearn.testng.GroupTest.launchFireFox(GroupTest.java:43)
at java.base/java.util.ArrayList.forEach(ArrayList.java:1511)
... Removed 27 stack frames]]>
    </failure>
  </testcase> <!-- launchFireFox -->
  <testcase classname="com.simplilearn.testng.GroupTest" name="loginWithChrome" time="0.459"/>
  <testcase classname="com.simplilearn.testng.GroupTest" name="loginWithFireFox" time="0.001">
    <skipped/>
  </testcase> <!-- loginWithFireFox -->
  <testcase classname="com.simplilearn.testng.FacebookLogin" name="facebook" time="2.721"/>
</testsuite> <!-- Test -->
